[debug] [2022-09-09T21:39:33.861Z] ----------------------------------------------------------------------
[debug] [2022-09-09T21:39:33.863Z] Command:       C:\Program Files\nodejs\node.exe C:\Users\Joel\AppData\Roaming\npm\node_modules\firebase-tools\lib\bin\firebase.js init
[debug] [2022-09-09T21:39:33.864Z] CLI Version:   11.8.1
[debug] [2022-09-09T21:39:33.864Z] Platform:      win32
[debug] [2022-09-09T21:39:33.864Z] Node Version:  v16.14.0
[debug] [2022-09-09T21:39:33.865Z] Time:          Fri Sep 09 2022 18:39:33 GMT-0300 (hora estándar de Argentina)
[debug] [2022-09-09T21:39:33.865Z] ----------------------------------------------------------------------
[debug] 
[debug] [2022-09-09T21:39:33.873Z] > command requires scopes: ["email","openid","https://www.googleapis.com/auth/cloudplatformprojects.readonly","https://www.googleapis.com/auth/firebase","https://www.googleapis.com/auth/cloud-platform"]
[debug] [2022-09-09T21:39:33.874Z] > authorizing via signed-in user (joelargprog@gmail.com)
[info] 
     ######## #### ########  ######## ########     ###     ######  ########
     ##        ##  ##     ## ##       ##     ##  ##   ##  ##       ##
     ######    ##  ########  ######   ########  #########  ######  ######
     ##        ##  ##    ##  ##       ##     ## ##     ##       ## ##
     ##       #### ##     ## ######## ########  ##     ##  ######  ########

You're about to initialize a Firebase project in this directory:

  C:\Users\Joel\Desktop\proyecto final ARGPROG\proyecto-murua\front

[info] 
=== Project Setup
[info] 
[info] First, let's associate this project directory with a Firebase project.
[info] You can create multiple project aliases by running firebase use --add, 
[info] but for now we'll just set up a default project.
[info] 
